<?xml version="1.0" encoding="UTF-8"?>
<coverage generated="1786982605779" clover="3.2.0">
  <project timestamp="1786982605780" name="All files">
    <metrics statements="35" coveredstatements="24" conditionals="9" coveredconditionals="2" methods="12" coveredmethods="11" elements="56" coveredelements="37" complexity="0" loc="35" ncloc="35" packages="2" files="2" classes="2"/>
    <package name="components">
      <metrics statements="20" coveredstatements="9" conditionals="5" coveredconditionals="0" methods="5" coveredmethods="4"/>
      <file name="PostForm.jsx" path="D:\Full Stacks-II\Exp 4\calendar-scheduler\src\components\PostForm.jsx">
        <metrics statements="20" coveredstatements="9" conditionals="5" coveredconditionals="0" methods="5" coveredmethods="4"/>
        <line num="6" count="26" type="stmt"/>
        <line num="8" count="26" type="stmt"/>
        <line num="9" count="26" type="stmt"/>
        <line num="10" count="26" type="stmt"/>
        <line num="12" count="26" type="stmt"/>
        <line num="13" count="0" type="stmt"/>
        <line num="15" count="0" type="cond" truecount="0" falsecount="5"/>
        <line num="16" count="0" type="stmt"/>
        <line num="17" count="0" type="stmt"/>
        <line num="20" count="0" type="stmt"/>
        <line num="22" count="0" type="stmt"/>
        <line num="23" count="0" type="stmt"/>
        <line num="25" count="0" type="stmt"/>
        <line num="34" count="0" type="stmt"/>
        <line num="35" count="0" type="stmt"/>
        <line num="36" count="0" type="stmt"/>
        <line num="39" count="26" type="stmt"/>
        <line num="55" count="22" type="stmt"/>
        <line num="68" count="1" type="stmt"/>
        <line num="81" count="1" type="stmt"/>
      </file>
    </package>
    <package name="redux">
      <metrics statements="15" coveredstatements="15" conditionals="4" coveredconditionals="2" methods="7" coveredmethods="7"/>
      <file name="postsSlice.js" path="D:\Full Stacks-II\Exp 4\calendar-scheduler\src\redux\postsSlice.js">
        <metrics statements="15" coveredstatements="15" conditionals="4" coveredconditionals="2" methods="7" coveredmethods="7"/>
        <line num="3" count="2" type="stmt"/>
        <line num="24" count="2" type="stmt"/>
        <line num="31" count="1" type="stmt"/>
        <line num="35" count="1" type="stmt"/>
        <line num="36" count="2" type="stmt"/>
        <line num="41" count="1" type="stmt"/>
        <line num="42" count="1" type="stmt"/>
        <line num="45" count="1" type="cond" truecount="1" falsecount="1"/>
        <line num="46" count="1" type="stmt"/>
        <line num="51" count="1" type="stmt"/>
        <line num="52" count="1" type="stmt"/>
        <line num="55" count="1" type="cond" truecount="1" falsecount="1"/>
        <line num="56" count="1" type="stmt"/>
        <line num="57" count="1" type="stmt"/>
        <line num="68" count="2" type="stmt"/>
      </file>
    </package>
  </project>
</coverage>
