{"D:\\Full Stacks-II\\Exp 4\\calendar-scheduler\\src\\components\\PostForm.jsx": {"path":"D:\\Full Stacks-II\\Exp 4\\calendar-scheduler\\src\\components\\PostForm.jsx","statementMap":{"0":{"start":{"line":6,"column":19},"end":{"line":6,"column":31}},"1":{"start":{"line":8,"column":28},"end":{"line":8,"column":null}},"2":{"start":{"line":9,"column":26},"end":{"line":9,"column":null}},"3":{"start":{"line":10,"column":26},"end":{"line":10,"column":null}},"4":{"start":{"line":12,"column":8},"end":{"line":37,"column":null}},"5":{"start":{"line":13,"column":4},"end":{"line":13,"column":null}},"6":{"start":{"line":15,"column":4},"end":{"line":18,"column":null}},"7":{"start":{"line":16,"column":6},"end":{"line":16,"column":null}},"8":{"start":{"line":17,"column":6},"end":{"line":17,"column":null}},"9":{"start":{"line":20,"column":18},"end":{"line":20,"column":null}},"10":{"start":{"line":22,"column":20},"end":{"line":22,"column":null}},"11":{"start":{"line":23,"column":4},"end":{"line":23,"column":null}},"12":{"start":{"line":25,"column":4},"end":{"line":32,"column":null}},"13":{"start":{"line":34,"column":4},"end":{"line":34,"column":null}},"14":{"start":{"line":35,"column":4},"end":{"line":35,"column":null}},"15":{"start":{"line":36,"column":4},"end":{"line":36,"column":null}},"16":{"start":{"line":39,"column":2},"end":{"line":90,"column":null}},"17":{"start":{"line":55,"column":29},"end":{"line":55,"column":null}},"18":{"start":{"line":68,"column":29},"end":{"line":68,"column":null}},"19":{"start":{"line":81,"column":29},"end":{"line":81,"column":null}}},"fnMap":{"0":{"name":"PostForm","decl":{"start":{"line":5,"column":9},"end":{"line":5,"column":20}},"loc":{"start":{"line":5,"column":20},"end":{"line":92,"column":null}},"line":5},"1":{"name":"(anonymous_1)","decl":{"start":{"line":12,"column":8},"end":{"line":12,"column":24}},"loc":{"start":{"line":12,"column":30},"end":{"line":37,"column":null}},"line":12},"2":{"name":"(anonymous_2)","decl":{"start":{"line":55,"column":12},"end":{"line":55,"column":23}},"loc":{"start":{"line":55,"column":29},"end":{"line":55,"column":null}},"line":55},"3":{"name":"(anonymous_3)","decl":{"start":{"line":68,"column":12},"end":{"line":68,"column":23}},"loc":{"start":{"line":68,"column":29},"end":{"line":68,"column":null}},"line":68},"4":{"name":"(anonymous_4)","decl":{"start":{"line":81,"column":12},"end":{"line":81,"column":23}},"loc":{"start":{"line":81,"column":29},"end":{"line":81,"column":null}},"line":81}},"branchMap":{"0":{"loc":{"start":{"line":15,"column":4},"end":{"line":18,"column":null}},"type":"if","locations":[{"start":{"line":15,"column":4},"end":{"line":18,"column":null}},{"start":{},"end":{}}],"line":15},"1":{"loc":{"start":{"line":15,"column":8},"end":{"line":15,"column":41}},"type":"binary-expr","locations":[{"start":{"line":15,"column":8},"end":{"line":15,"column":25}},{"start":{"line":15,"column":25},"end":{"line":15,"column":34}},{"start":{"line":15,"column":34},"end":{"line":15,"column":41}}],"line":15}},"s":{"0":26,"1":26,"2":26,"3":26,"4":26,"5":0,"6":0,"7":0,"8":0,"9":0,"10":0,"11":0,"12":0,"13":0,"14":0,"15":0,"16":26,"17":22,"18":1,"19":1},"f":{"0":26,"1":0,"2":22,"3":1,"4":1},"b":{"0":[0,0],"1":[0,0,0]},"meta":{"lastBranch":2,"lastFunction":5,"lastStatement":20,"seen":{"f:5:9:5:20":0,"s:6:19:6:31":0,"s:8:28:8:Infinity":1,"s:9:26:9:Infinity":2,"s:10:26:10:Infinity":3,"s:12:8:37:Infinity":4,"f:12:8:12:24":1,"s:13:4:13:Infinity":5,"b:15:4:18:Infinity:undefined:undefined:undefined:undefined":0,"s:15:4:18:Infinity":6,"b:15:8:15:25:15:25:15:34:15:34:15:41":1,"s:16:6:16:Infinity":7,"s:17:6:17:Infinity":8,"s:20:18:20:Infinity":9,"s:22:20:22:Infinity":10,"s:23:4:23:Infinity":11,"s:25:4:32:Infinity":12,"s:34:4:34:Infinity":13,"s:35:4:35:Infinity":14,"s:36:4:36:Infinity":15,"s:39:2:90:Infinity":16,"f:55:12:55:23":2,"s:55:29:55:Infinity":17,"f:68:12:68:23":3,"s:68:29:68:Infinity":18,"f:81:12:81:23":4,"s:81:29:81:Infinity":19},"fnNames":{}}}
,"D:\\Full Stacks-II\\Exp 4\\calendar-scheduler\\src\\redux\\postsSlice.js": {"path":"D:\\Full Stacks-II\\Exp 4\\calendar-scheduler\\src\\redux\\postsSlice.js","statementMap":{"0":{"start":{"line":3,"column":21},"end":{"line":22,"column":null}},"1":{"start":{"line":24,"column":19},"end":{"line":61,"column":null}},"2":{"start":{"line":31,"column":6},"end":{"line":31,"column":null}},"3":{"start":{"line":35,"column":6},"end":{"line":37,"column":null}},"4":{"start":{"line":36,"column":18},"end":{"line":36,"column":null}},"5":{"start":{"line":41,"column":20},"end":{"line":43,"column":null}},"6":{"start":{"line":42,"column":18},"end":{"line":42,"column":null}},"7":{"start":{"line":45,"column":6},"end":{"line":47,"column":null}},"8":{"start":{"line":46,"column":8},"end":{"line":46,"column":null}},"9":{"start":{"line":51,"column":19},"end":{"line":53,"column":null}},"10":{"start":{"line":52,"column":18},"end":{"line":52,"column":null}},"11":{"start":{"line":55,"column":6},"end":{"line":58,"column":null}},"12":{"start":{"line":56,"column":8},"end":{"line":56,"column":null}},"13":{"start":{"line":57,"column":8},"end":{"line":57,"column":null}},"14":{"start":{"line":68,"column":4},"end":{"line":68,"column":null}}},"fnMap":{"0":{"name":"(anonymous_0)","decl":{"start":{"line":30,"column":4},"end":{"line":30,"column":14}},"loc":{"start":{"line":30,"column":32},"end":{"line":32,"column":null}},"line":30},"1":{"name":"(anonymous_1)","decl":{"start":{"line":34,"column":4},"end":{"line":34,"column":17}},"loc":{"start":{"line":34,"column":35},"end":{"line":38,"column":null}},"line":34},"2":{"name":"(anonymous_2)","decl":{"start":{"line":35,"column":19},"end":{"line":35,"column":null}},"loc":{"start":{"line":36,"column":18},"end":{"line":36,"column":null}},"line":36},"3":{"name":"(anonymous_3)","decl":{"start":{"line":40,"column":4},"end":{"line":40,"column":17}},"loc":{"start":{"line":40,"column":35},"end":{"line":48,"column":null}},"line":40},"4":{"name":"(anonymous_4)","decl":{"start":{"line":41,"column":26},"end":{"line":41,"column":null}},"loc":{"start":{"line":42,"column":18},"end":{"line":42,"column":null}},"line":42},"5":{"name":"(anonymous_5)","decl":{"start":{"line":50,"column":4},"end":{"line":50,"column":21}},"loc":{"start":{"line":50,"column":39},"end":{"line":59,"column":null}},"line":50},"6":{"name":"(anonymous_6)","decl":{"start":{"line":51,"column":25},"end":{"line":51,"column":null}},"loc":{"start":{"line":52,"column":18},"end":{"line":52,"column":null}},"line":52}},"branchMap":{"0":{"loc":{"start":{"line":45,"column":6},"end":{"line":47,"column":null}},"type":"if","locations":[{"start":{"line":45,"column":6},"end":{"line":47,"column":null}},{"start":{},"end":{}}],"line":45},"1":{"loc":{"start":{"line":55,"column":6},"end":{"line":58,"column":null}},"type":"if","locations":[{"start":{"line":55,"column":6},"end":{"line":58,"column":null}},{"start":{},"end":{}}],"line":55}},"s":{"0":2,"1":2,"2":1,"3":1,"4":2,"5":1,"6":1,"7":1,"8":1,"9":1,"10":1,"11":1,"12":1,"13":1,"14":2},"f":{"0":1,"1":1,"2":2,"3":1,"4":1,"5":1,"6":1},"b":{"0":[1,0],"1":[1,0]},"meta":{"lastBranch":2,"lastFunction":7,"lastStatement":15,"seen":{"s:3:21:22:Infinity":0,"s:24:19:61:Infinity":1,"f:30:4:30:14":0,"s:31:6:31:Infinity":2,"f:34:4:34:17":1,"s:35:6:37:Infinity":3,"f:35:19:35:Infinity":2,"s:36:18:36:Infinity":4,"f:40:4:40:17":3,"s:41:20:43:Infinity":5,"f:41:26:41:Infinity":4,"s:42:18:42:Infinity":6,"b:45:6:47:Infinity:undefined:undefined:undefined:undefined":0,"s:45:6:47:Infinity":7,"s:46:8:46:Infinity":8,"f:50:4:50:21":5,"s:51:19:53:Infinity":9,"f:51:25:51:Infinity":6,"s:52:18:52:Infinity":10,"b:55:6:58:Infinity:undefined:undefined:undefined:undefined":1,"s:55:6:58:Infinity":11,"s:56:8:56:Infinity":12,"s:57:8:57:Infinity":13,"s:68:4:68:Infinity":14},"fnNames":{}}}
}
